<?xml version="1.0" encoding="UTF-8"?>
<testng-results ignored="0" total="2" passed="1" failed="1" skipped="0">
  <reporter-output>
  </reporter-output>
  <suite started-at="2022-05-22T21:22:20 IST" name="Suite" finished-at="2022-05-22T21:22:34 IST" duration-ms="13734">
    <groups>
    </groups>
    <test started-at="2022-05-22T21:22:20 IST" name="Test" finished-at="2022-05-22T21:22:34 IST" duration-ms="13734">
      <class name="demo_extent.TestClassUsingListers">
        <test-method is-config="true" signature="beforeClass()[pri:0, instance:demo_extent.TestClassUsingListers@6d026701]" started-at="2022-05-22T21:22:20 IST" name="beforeClass" finished-at="2022-05-22T21:22:23 IST" duration-ms="3018" status="PASS">
          <reporter-output>
          </reporter-output>
        </test-method> <!-- beforeClass -->
        <test-method signature="SGL_UPEDIA_1()[pri:0, instance:demo_extent.TestClassUsingListers@6d026701]" started-at="2022-05-22T21:22:23 IST" name="SGL_UPEDIA_1" description="To verify that user is able to get the homepage of UPEDIA portal." finished-at="2022-05-22T21:22:29 IST" duration-ms="6199" status="PASS">
          <reporter-output>
          </reporter-output>
        </test-method> <!-- SGL_UPEDIA_1 -->
        <test-method signature="SGL_UPEDIA_2()[pri:0, instance:demo_extent.TestClassUsingListers@6d026701]" started-at="2022-05-22T21:22:29 IST" name="SGL_UPEDIA_2" description="To verify that user is able to get the detail as per UPEDIA SRS document." finished-at="2022-05-22T21:22:32 IST" duration-ms="2934" status="FAIL">
          <exception class="java.lang.AssertionError">
            <message>
              <![CDATA[expected [true] but found [false]]]>
            </message>
            <full-stacktrace>
              <![CDATA[java.lang.AssertionError: expected [true] but found [false]
at org.testng.Assert.fail(Assert.java:110)
at org.testng.Assert.failNotEquals(Assert.java:1413)
at org.testng.Assert.assertTrue(Assert.java:56)
at org.testng.Assert.assertTrue(Assert.java:66)
at demo_extent.TestClassUsingListers.SGL_UPEDIA_2(TestClassUsingListers.java:47)
at java.base/jdk.internal.reflect.NativeMethodAccessorImpl.invoke0(Native Method)
at java.base/jdk.internal.reflect.NativeMethodAccessorImpl.invoke(NativeMethodAccessorImpl.java:77)
at java.base/jdk.internal.reflect.DelegatingMethodAccessorImpl.invoke(DelegatingMethodAccessorImpl.java:43)
at java.base/java.lang.reflect.Method.invoke(Method.java:568)
at org.testng.internal.invokers.MethodInvocationHelper.invokeMethod(MethodInvocationHelper.java:139)
at org.testng.internal.invokers.TestInvoker.invokeMethod(TestInvoker.java:677)
at org.testng.internal.invokers.TestInvoker.invokeTestMethod(TestInvoker.java:221)
at org.testng.internal.invokers.MethodRunner.runInSequence(MethodRunner.java:50)
at org.testng.internal.invokers.TestInvoker$MethodInvocationAgent.invoke(TestInvoker.java:962)
at org.testng.internal.invokers.TestInvoker.invokeTestMethods(TestInvoker.java:194)
at org.testng.internal.invokers.TestMethodWorker.invokeTestMethods(TestMethodWorker.java:148)
at org.testng.internal.invokers.TestMethodWorker.run(TestMethodWorker.java:128)
at java.base/java.util.ArrayList.forEach(ArrayList.java:1511)
at org.testng.TestRunner.privateRun(TestRunner.java:806)
at org.testng.TestRunner.run(TestRunner.java:601)
at org.testng.SuiteRunner.runTest(SuiteRunner.java:433)
at org.testng.SuiteRunner.runSequentially(SuiteRunner.java:427)
at org.testng.SuiteRunner.privateRun(SuiteRunner.java:387)
at org.testng.SuiteRunner.run(SuiteRunner.java:330)
at org.testng.SuiteRunnerWorker.runSuite(SuiteRunnerWorker.java:52)
at org.testng.SuiteRunnerWorker.run(SuiteRunnerWorker.java:95)
at org.testng.TestNG.runSuitesSequentially(TestNG.java:1256)
at org.testng.TestNG.runSuitesLocally(TestNG.java:1176)
at org.testng.TestNG.runSuites(TestNG.java:1099)
at org.testng.TestNG.run(TestNG.java:1067)
at org.testng.remote.AbstractRemoteTestNG.run(AbstractRemoteTestNG.java:115)
at org.testng.remote.RemoteTestNG.initAndRun(RemoteTestNG.java:251)
at org.testng.remote.RemoteTestNG.main(RemoteTestNG.java:77)
]]>
            </full-stacktrace>
          </exception> <!-- java.lang.AssertionError -->
          <reporter-output>
          </reporter-output>
        </test-method> <!-- SGL_UPEDIA_2 -->
        <test-method is-config="true" signature="afterClass()[pri:0, instance:demo_extent.TestClassUsingListers@6d026701]" started-at="2022-05-22T21:22:33 IST" name="afterClass" finished-at="2022-05-22T21:22:34 IST" duration-ms="317" status="PASS">
          <reporter-output>
          </reporter-output>
        </test-method> <!-- afterClass -->
      </class> <!-- demo_extent.TestClassUsingListers -->
    </test> <!-- Test -->
  </suite> <!-- Suite -->
</testng-results>
